2018-02-20 11:17:09,967 INFO o.a.j.u.JMeterUtils: Setting Locale to en_EN
2018-02-20 11:17:09,992 INFO o.a.j.JMeter: Loading user properties from: /usr/local/Cellar/jmeter/4.0/libexec/bin/user.properties
2018-02-20 11:17:09,992 INFO o.a.j.JMeter: Loading system properties from: /usr/local/Cellar/jmeter/4.0/libexec/bin/system.properties
2018-02-20 11:17:10,000 INFO o.a.j.JMeter: Copyright (c) 1998-2018 The Apache Software Foundation
2018-02-20 11:17:10,000 INFO o.a.j.JMeter: Version 4.0 r1823414
2018-02-20 11:17:10,000 INFO o.a.j.JMeter: java.version=1.8.0_71
2018-02-20 11:17:10,000 INFO o.a.j.JMeter: java.vm.name=Java HotSpot(TM) 64-Bit Server VM
2018-02-20 11:17:10,000 INFO o.a.j.JMeter: os.name=Mac OS X
2018-02-20 11:17:10,000 INFO o.a.j.JMeter: os.arch=x86_64
2018-02-20 11:17:10,000 INFO o.a.j.JMeter: os.version=10.13.3
2018-02-20 11:17:10,000 INFO o.a.j.JMeter: file.encoding=UTF-8
2018-02-20 11:17:10,000 INFO o.a.j.JMeter: Max memory     =1073741824
2018-02-20 11:17:10,000 INFO o.a.j.JMeter: Available Processors =8
2018-02-20 11:17:10,005 INFO o.a.j.JMeter: Default Locale=English (EN)
2018-02-20 11:17:10,006 INFO o.a.j.JMeter: JMeter  Locale=English (EN)
2018-02-20 11:17:10,006 INFO o.a.j.JMeter: JMeterHome=/usr/local/Cellar/jmeter/4.0/libexec
2018-02-20 11:17:10,006 INFO o.a.j.JMeter: user.dir  =/Users/asoni3/code/stark-reality/data-structures
2018-02-20 11:17:10,006 INFO o.a.j.JMeter: PWD       =/Users/asoni3/code/stark-reality/data-structures
2018-02-20 11:17:10,007 INFO o.a.j.JMeter: IP: 172.28.212.27 Name: BANL13bcace8c.local FullName: 172.28.212.27
2018-02-20 11:17:15,864 INFO o.a.j.g.a.LookAndFeelCommand: Installing Darcula LAF
2018-02-20 11:17:15,937 INFO o.a.j.g.a.LookAndFeelCommand: Using look and feel: com.bulenkov.darcula.DarculaLaf [Darcula]
2018-02-20 11:17:15,937 INFO o.a.j.JMeter: Setting LAF to: com.bulenkov.darcula.DarculaLaf
2018-02-20 11:17:16,054 INFO o.a.j.JMeter: Loaded icon properties from org/apache/jmeter/images/icon.properties
2018-02-20 11:17:16,691 INFO o.a.j.e.u.CompoundVariable: Note: Function class names must contain the string: '.functions.'
2018-02-20 11:17:16,692 INFO o.a.j.e.u.CompoundVariable: Note: Function class names must not contain the string: '.gui.'
2018-02-20 11:17:18,919 INFO o.a.j.p.h.s.HTTPSamplerBase: Parser for text/html is org.apache.jmeter.protocol.http.parser.LagartoBasedHtmlParser
2018-02-20 11:17:18,919 INFO o.a.j.p.h.s.HTTPSamplerBase: Parser for application/xhtml+xml is org.apache.jmeter.protocol.http.parser.LagartoBasedHtmlParser
2018-02-20 11:17:18,919 INFO o.a.j.p.h.s.HTTPSamplerBase: Parser for application/xml is org.apache.jmeter.protocol.http.parser.LagartoBasedHtmlParser
2018-02-20 11:17:18,919 INFO o.a.j.p.h.s.HTTPSamplerBase: Parser for text/xml is org.apache.jmeter.protocol.http.parser.LagartoBasedHtmlParser
2018-02-20 11:17:18,919 INFO o.a.j.p.h.s.HTTPSamplerBase: Parser for text/vnd.wap.wml is org.apache.jmeter.protocol.http.parser.RegexpHTMLParser
2018-02-20 11:17:18,919 INFO o.a.j.p.h.s.HTTPSamplerBase: Parser for text/css is org.apache.jmeter.protocol.http.parser.CssParser
2018-02-20 11:17:19,296 INFO o.a.j.e.KeyToolUtils: keytool found at 'keytool'
2018-02-20 11:17:19,297 INFO o.a.j.p.h.p.ProxyControl: HTTP(S) Test Script Recorder SSL Proxy will use keys that support embedded 3rd party resources in file /usr/local/Cellar/jmeter/4.0/libexec/bin/proxyserver.jks
2018-02-20 11:17:19,443 INFO o.a.j.s.FileServer: Default base='/Users/asoni3/code/stark-reality/data-structures'
2018-02-20 11:17:19,779 INFO o.a.j.s.SampleResult: Note: Sample TimeStamps are START times
2018-02-20 11:17:19,779 INFO o.a.j.s.SampleResult: sampleresult.default.encoding is set to ISO-8859-1
2018-02-20 11:17:19,779 INFO o.a.j.s.SampleResult: sampleresult.useNanoTime=true
2018-02-20 11:17:19,779 INFO o.a.j.s.SampleResult: sampleresult.nanoThreadSleep=5000
2018-02-20 11:17:44,051 INFO o.a.j.g.a.Load: Loading file: /Users/asoni3/Desktop/JmeterSampleTest.jmx
2018-02-20 11:17:44,051 INFO o.a.j.s.FileServer: Set new base='/Users/asoni3/Desktop'
2018-02-20 11:17:44,202 INFO o.a.j.s.SaveService: Testplan (JMX) version: 2.2. Testlog (JTL) version: 2.2
2018-02-20 11:17:44,217 INFO o.a.j.s.SaveService: Using SaveService properties file encoding UTF-8
2018-02-20 11:17:44,218 INFO o.a.j.s.SaveService: Using SaveService properties version 4.0
2018-02-20 11:17:44,221 INFO o.a.j.s.SaveService: Loading file: /Users/asoni3/Desktop/JmeterSampleTest.jmx
2018-02-20 11:17:44,379 INFO o.a.j.s.FileServer: Set new base='/Users/asoni3/Desktop'
2018-02-20 11:18:29,421 INFO o.a.j.e.StandardJMeterEngine: Running the test!
2018-02-20 11:18:29,422 INFO o.a.j.s.SampleEvent: List of sample_variables: []
2018-02-20 11:18:29,422 INFO o.a.j.s.SampleEvent: List of sample_variables: []
2018-02-20 11:18:29,428 INFO o.a.j.g.u.JMeterMenuBar: setRunning(true, *local*)
2018-02-20 11:18:29,580 INFO o.a.j.e.StandardJMeterEngine: Starting ThreadGroup: 1 : Ratable Test
2018-02-20 11:18:29,580 INFO o.a.j.e.StandardJMeterEngine: Starting 10 threads for group Ratable Test.
2018-02-20 11:18:29,580 INFO o.a.j.e.StandardJMeterEngine: Thread will continue on error
2018-02-20 11:18:29,580 INFO o.a.j.t.ThreadGroup: Starting thread group... number=1 threads=10 ramp-up=10 perThread=1000.0 delayedStart=false
2018-02-20 11:18:29,585 INFO o.a.j.t.JMeterThread: Thread started: Ratable Test 1-1
2018-02-20 11:18:29,593 INFO o.a.j.t.ThreadGroup: Started thread group number 1
2018-02-20 11:18:29,593 INFO o.a.j.e.StandardJMeterEngine: All thread groups have been started
2018-02-20 11:18:29,605 INFO o.a.j.p.h.s.HTTPHCAbstractImpl: Local host = BANL13bcace8c.local
2018-02-20 11:18:29,611 INFO o.a.j.p.h.s.HTTPHC4Impl: HTTP request retry count = 0
2018-02-20 11:18:30,338 INFO o.a.j.p.h.s.LazySchemeSocketFactory: Setting up HTTPS TrustAll Socket Factory
2018-02-20 11:18:30,342 INFO o.a.j.u.JsseSSLManager: Using default SSL protocol: TLS
2018-02-20 11:18:30,342 INFO o.a.j.u.JsseSSLManager: SSL session context: per-thread
2018-02-20 11:18:30,444 INFO o.a.j.u.SSLManager: JmeterKeyStore Location:  type JKS
2018-02-20 11:18:30,445 INFO o.a.j.u.SSLManager: KeyStore created OK
2018-02-20 11:18:30,445 WARN o.a.j.u.SSLManager: Keystore file not found, loading empty keystore
2018-02-20 11:18:30,589 INFO o.a.j.t.JMeterThread: Thread started: Ratable Test 1-2
2018-02-20 11:18:31,598 INFO o.a.j.t.JMeterThread: Thread started: Ratable Test 1-3
2018-02-20 11:18:32,597 INFO o.a.j.t.JMeterThread: Thread started: Ratable Test 1-4
2018-02-20 11:18:33,597 INFO o.a.j.t.JMeterThread: Thread started: Ratable Test 1-5
2018-02-20 11:18:34,598 INFO o.a.j.t.JMeterThread: Thread started: Ratable Test 1-6
2018-02-20 11:18:35,597 INFO o.a.j.t.JMeterThread: Thread started: Ratable Test 1-7
2018-02-20 11:18:36,597 INFO o.a.j.t.JMeterThread: Thread started: Ratable Test 1-8
2018-02-20 11:18:37,597 INFO o.a.j.t.JMeterThread: Thread started: Ratable Test 1-9
2018-02-20 11:18:38,597 INFO o.a.j.t.JMeterThread: Thread started: Ratable Test 1-10
2018-02-20 11:20:29,736 INFO o.a.j.t.JMeterThread: Stopping because end time detected by thread: Ratable Test 1-3
2018-02-20 11:20:29,736 INFO o.a.j.t.JMeterThread: Thread finished: Ratable Test 1-3
2018-02-20 11:20:29,760 INFO o.a.j.t.JMeterThread: Stopping because end time detected by thread: Ratable Test 1-1
2018-02-20 11:20:29,761 INFO o.a.j.t.JMeterThread: Thread finished: Ratable Test 1-1
2018-02-20 11:20:29,823 INFO o.a.j.t.JMeterThread: Stopping because end time detected by thread: Ratable Test 1-2
2018-02-20 11:20:29,823 INFO o.a.j.t.JMeterThread: Thread finished: Ratable Test 1-2
2018-02-20 11:20:29,859 INFO o.a.j.t.JMeterThread: Stopping because end time detected by thread: Ratable Test 1-10
2018-02-20 11:20:29,860 INFO o.a.j.t.JMeterThread: Thread finished: Ratable Test 1-10
2018-02-20 11:20:29,877 INFO o.a.j.t.JMeterThread: Stopping because end time detected by thread: Ratable Test 1-6
2018-02-20 11:20:29,877 INFO o.a.j.t.JMeterThread: Thread finished: Ratable Test 1-6
2018-02-20 11:20:29,894 INFO o.a.j.t.JMeterThread: Stopping because end time detected by thread: Ratable Test 1-4
2018-02-20 11:20:29,894 INFO o.a.j.t.JMeterThread: Stopping because end time detected by thread: Ratable Test 1-5
2018-02-20 11:20:29,894 INFO o.a.j.t.JMeterThread: Thread finished: Ratable Test 1-4
2018-02-20 11:20:29,894 INFO o.a.j.t.JMeterThread: Thread finished: Ratable Test 1-5
2018-02-20 11:20:29,958 INFO o.a.j.t.JMeterThread: Stopping because end time detected by thread: Ratable Test 1-8
2018-02-20 11:20:29,958 INFO o.a.j.t.JMeterThread: Thread finished: Ratable Test 1-8
2018-02-20 11:20:30,140 INFO o.a.j.t.JMeterThread: Stopping because end time detected by thread: Ratable Test 1-9
2018-02-20 11:20:30,140 INFO o.a.j.t.JMeterThread: Thread finished: Ratable Test 1-9
2018-02-20 11:20:30,194 INFO o.a.j.t.JMeterThread: Stopping because end time detected by thread: Ratable Test 1-7
2018-02-20 11:20:30,194 INFO o.a.j.t.JMeterThread: Thread finished: Ratable Test 1-7
2018-02-20 11:20:30,194 INFO o.a.j.e.StandardJMeterEngine: Notifying test listeners of end of test
2018-02-20 11:20:30,195 INFO o.a.j.g.u.JMeterMenuBar: setRunning(false, *local*)
